0 info it worked if it ends with ok
1 verbose cli [ 'C:\\Program Files\\nodejs\\node.exe',
1 verbose cli   'C:\\Program Files\\nodejs\\node_modules\\npm\\bin\\npm-cli.js',
1 verbose cli   'start' ]
2 info using npm@3.10.8
3 info using node@v6.9.1
4 verbose run-script [ 'prestart', 'start', 'poststart' ]
5 info lifecycle dataupload@1.0.0~prestart: dataupload@1.0.0
6 silly lifecycle dataupload@1.0.0~prestart: no script for prestart, continuing
7 info lifecycle dataupload@1.0.0~start: dataupload@1.0.0
8 verbose lifecycle dataupload@1.0.0~start: unsafe-perm in lifecycle true
9 verbose lifecycle dataupload@1.0.0~start: PATH: C:\Program Files\nodejs\node_modules\npm\bin\node-gyp-bin;C:\Users\sczhi\Desktop\studyFolder\nodejs\dataUpload\node_modules\.bin;C:\Users\sczhi\AppData\Local\GitHub\PortableGit_d7effa1a4a322478cd29c826b52a0c118ad3db11\cmd;C:\Users\sczhi\AppData\Local\GitHub\PortableGit_d7effa1a4a322478cd29c826b52a0c118ad3db11\usr\bin;C:\Users\sczhi\AppData\Local\GitHub\PortableGit_d7effa1a4a322478cd29c826b52a0c118ad3db11\usr\share\git-tfs;C:\Users\sczhi\AppData\Local\Apps\2.0\13Q7J5Q2.6TA\17VP08BV.LW9\gith..tion_317444273a93ac29_0003.0003_665ccbdbd3c2d8d4;C:\Users\sczhi\AppData\Local\GitHub\lfs-amd64_1.3.1;C:\Program Files (x86)\360\360DeskTop;C:\Python27\;C:\Python27\Scripts;C:\Windows\system32;C:\Windows;C:\Windows\System32\Wbem;C:\Windows\System32\WindowsPowerShell\v1.0\;C:\Program Files (x86)\NVIDIA Corporation\PhysX\Common;C:\Program Files\nodejs\;C:\Program Files\MongoDB\Server\3.2\bin;C:\Windows\system32\config\systemprofile\.dnx\bin;C:\Program Files\Microsoft DNX\Dnvm\;C:\Program Files\Microsoft SQL Server\120\Tools\Binn\;C:\Program Files\Microsoft SQL Server\130\Tools\Binn\;C:\Program Files (x86)\Java\jre1.8.0_121\bin;C:\Program Files (x86)\Java\jre1.8.0_121\jre\bin;C:\Ruby23-x64\bin;C:\Users\sczhi\AppData\Roaming\npm;C:\Program Files (x86)\MSBuild\14.0\bin\;C:\Program Files (x86)\Microsoft SDKs\Windows\v8.1A\bin\NETFX 4.5.1 Tools\x64
10 verbose lifecycle dataupload@1.0.0~start: CWD: C:\Users\sczhi\Desktop\studyFolder\nodejs\dataUpload
11 silly lifecycle dataupload@1.0.0~start: Args: [ '/d /s /c', 'node index.js' ]
12 silly lifecycle dataupload@1.0.0~start: Returned: code: 3221225786  signal: null
13 info lifecycle dataupload@1.0.0~start: Failed to exec start script
14 verbose stack Error: dataupload@1.0.0 start: `node index.js`
14 verbose stack Exit status 3221225786
14 verbose stack     at EventEmitter.<anonymous> (C:\Program Files\nodejs\node_modules\npm\lib\utils\lifecycle.js:255:16)
14 verbose stack     at emitTwo (events.js:106:13)
14 verbose stack     at EventEmitter.emit (events.js:191:7)
14 verbose stack     at ChildProcess.<anonymous> (C:\Program Files\nodejs\node_modules\npm\lib\utils\spawn.js:40:14)
14 verbose stack     at emitTwo (events.js:106:13)
14 verbose stack     at ChildProcess.emit (events.js:191:7)
14 verbose stack     at maybeClose (internal/child_process.js:877:16)
14 verbose stack     at Process.ChildProcess._handle.onexit (internal/child_process.js:226:5)
15 verbose pkgid dataupload@1.0.0
16 verbose cwd C:\Users\sczhi\Desktop\studyFolder\nodejs\dataUpload
17 error Windows_NT 6.2.9200
18 error argv "C:\\Program Files\\nodejs\\node.exe" "C:\\Program Files\\nodejs\\node_modules\\npm\\bin\\npm-cli.js" "start"
19 error node v6.9.1
20 error npm  v3.10.8
21 error code ELIFECYCLE
22 error dataupload@1.0.0 start: `node index.js`
22 error Exit status 3221225786
23 error Failed at the dataupload@1.0.0 start script 'node index.js'.
23 error Make sure you have the latest version of node.js and npm installed.
23 error If you do, this is most likely a problem with the dataupload package,
23 error not with npm itself.
23 error Tell the author that this fails on your system:
23 error     node index.js
23 error You can get information on how to open an issue for this project with:
23 error     npm bugs dataupload
23 error Or if that isn't available, you can get their info via:
23 error     npm owner ls dataupload
23 error There is likely additional logging output above.
24 verbose exit [ 1, true ]
